[2026-04-05T20:09:25.333Z] Flights API Error: No flights with price and duration were returned.
Stack: Error: No flights with price and duration were returned.
    at selectDistinctOptions (C:\Users\amaan\OneDrive\Desktop\IH_Final\.next\dev\server\chunks\[root-of-the-server]__0kl1fd.._.js:122:15)
    at POST (C:\Users\amaan\OneDrive\Desktop\IH_Final\.next\dev\server\chunks\[root-of-the-server]__0kl1fd.._.js:183:25)
    at process.processTicksAndRejections (node:internal/process/task_queues:105:5)
    at async AppRouteRouteModule.do (C:\Users\amaan\OneDrive\Desktop\IH_Final\node_modules\next\dist\compiled\next-server\app-route-turbo.runtime.dev.js:5:40115)
    at async AppRouteRouteModule.handle (C:\Users\amaan\OneDrive\Desktop\IH_Final\node_modules\next\dist\compiled\next-server\app-route-turbo.runtime.dev.js:5:47321)
    at async responseGenerator (C:\Users\amaan\OneDrive\Desktop\IH_Final\.next\dev\server\chunks\0xf5_0hyty_~._.js:13157:38)
    at async AppRouteRouteModule.handleResponse (C:\Users\amaan\OneDrive\Desktop\IH_Final\node_modules\next\dist\compiled\next-server\app-route-turbo.runtime.dev.js:1:227216)
    at async handleResponse (C:\Users\amaan\OneDrive\Desktop\IH_Final\.next\dev\server\chunks\0xf5_0hyty_~._.js:13220:32)
    at async Module.handler (C:\Users\amaan\OneDrive\Desktop\IH_Final\.next\dev\server\chunks\0xf5_0hyty_~._.js:13274:13)
    at async DevServer.renderToResponseWithComponentsImpl (C:\Users\amaan\OneDrive\Desktop\IH_Final\node_modules\next\dist\server\base-server.js:1454:9)
    at async DevServer.renderPageComponent (C:\Users\amaan\OneDrive\Desktop\IH_Final\node_modules\next\dist\server\base-server.js:1506:24)
    at async DevServer.renderToResponseImpl (C:\Users\amaan\OneDrive\Desktop\IH_Final\node_modules\next\dist\server\base-server.js:1556:32)
    at async DevServer.pipeImpl (C:\Users\amaan\OneDrive\Desktop\IH_Final\node_modules\next\dist\server\base-server.js:1043:25)
    at async NextNodeServer.handleCatchallRenderRequest (C:\Users\amaan\OneDrive\Desktop\IH_Final\node_modules\next\dist\server\next-server.js:338:17)
    at async DevServer.handleRequestImpl (C:\Users\amaan\OneDrive\Desktop\IH_Final\node_modules\next\dist\server\base-server.js:934:17)
    at async C:\Users\amaan\OneDrive\Desktop\IH_Final\node_modules\next\dist\server\dev\next-dev-server.js:394:20
    at async Span.traceAsyncFn (C:\Users\amaan\OneDrive\Desktop\IH_Final\node_modules\next\dist\trace\trace.js:164:20)
    at async DevServer.handleRequest (C:\Users\amaan\OneDrive\Desktop\IH_Final\node_modules\next\dist\server\dev\next-dev-server.js:390:24)
    at async invokeRender (C:\Users\amaan\OneDrive\Desktop\IH_Final\node_modules\next\dist\server\lib\router-server.js:266:21)
    at async handleRequest (C:\Users\amaan\OneDrive\Desktop\IH_Final\node_modules\next\dist\server\lib\router-server.js:465:24)
    at async requestHandlerImpl (C:\Users\amaan\OneDrive\Desktop\IH_Final\node_modules\next\dist\server\lib\router-server.js:514:13)
    at async Server.requestListener (C:\Users\amaan\OneDrive\Desktop\IH_Final\node_modules\next\dist\server\lib\start-server.js:225:13)

[2026-04-05T20:09:27.006Z] Flights API Error: No flights with price and duration were returned.
Stack: Error: No flights with price and duration were returned.
    at selectDistinctOptions (C:\Users\amaan\OneDrive\Desktop\IH_Final\.next\dev\server\chunks\[root-of-the-server]__0kl1fd.._.js:122:15)
    at POST (C:\Users\amaan\OneDrive\Desktop\IH_Final\.next\dev\server\chunks\[root-of-the-server]__0kl1fd.._.js:183:25)
    at process.processTicksAndRejections (node:internal/process/task_queues:105:5)
    at async AppRouteRouteModule.do (C:\Users\amaan\OneDrive\Desktop\IH_Final\node_modules\next\dist\compiled\next-server\app-route-turbo.runtime.dev.js:5:40115)
    at async AppRouteRouteModule.handle (C:\Users\amaan\OneDrive\Desktop\IH_Final\node_modules\next\dist\compiled\next-server\app-route-turbo.runtime.dev.js:5:47321)
    at async responseGenerator (C:\Users\amaan\OneDrive\Desktop\IH_Final\.next\dev\server\chunks\0xf5_0hyty_~._.js:13157:38)
    at async AppRouteRouteModule.handleResponse (C:\Users\amaan\OneDrive\Desktop\IH_Final\node_modules\next\dist\compiled\next-server\app-route-turbo.runtime.dev.js:1:227216)
    at async handleResponse (C:\Users\amaan\OneDrive\Desktop\IH_Final\.next\dev\server\chunks\0xf5_0hyty_~._.js:13220:32)
    at async Module.handler (C:\Users\amaan\OneDrive\Desktop\IH_Final\.next\dev\server\chunks\0xf5_0hyty_~._.js:13274:13)
    at async DevServer.renderToResponseWithComponentsImpl (C:\Users\amaan\OneDrive\Desktop\IH_Final\node_modules\next\dist\server\base-server.js:1454:9)
    at async DevServer.renderPageComponent (C:\Users\amaan\OneDrive\Desktop\IH_Final\node_modules\next\dist\server\base-server.js:1506:24)
    at async DevServer.renderToResponseImpl (C:\Users\amaan\OneDrive\Desktop\IH_Final\node_modules\next\dist\server\base-server.js:1556:32)
    at async DevServer.pipeImpl (C:\Users\amaan\OneDrive\Desktop\IH_Final\node_modules\next\dist\server\base-server.js:1043:25)
    at async NextNodeServer.handleCatchallRenderRequest (C:\Users\amaan\OneDrive\Desktop\IH_Final\node_modules\next\dist\server\next-server.js:338:17)
    at async DevServer.handleRequestImpl (C:\Users\amaan\OneDrive\Desktop\IH_Final\node_modules\next\dist\server\base-server.js:934:17)
    at async C:\Users\amaan\OneDrive\Desktop\IH_Final\node_modules\next\dist\server\dev\next-dev-server.js:394:20
    at async Span.traceAsyncFn (C:\Users\amaan\OneDrive\Desktop\IH_Final\node_modules\next\dist\trace\trace.js:164:20)
    at async DevServer.handleRequest (C:\Users\amaan\OneDrive\Desktop\IH_Final\node_modules\next\dist\server\dev\next-dev-server.js:390:24)
    at async invokeRender (C:\Users\amaan\OneDrive\Desktop\IH_Final\node_modules\next\dist\server\lib\router-server.js:266:21)
    at async handleRequest (C:\Users\amaan\OneDrive\Desktop\IH_Final\node_modules\next\dist\server\lib\router-server.js:465:24)
    at async requestHandlerImpl (C:\Users\amaan\OneDrive\Desktop\IH_Final\node_modules\next\dist\server\lib\router-server.js:514:13)
    at async Server.requestListener (C:\Users\amaan\OneDrive\Desktop\IH_Final\node_modules\next\dist\server\lib\start-server.js:225:13)

[2026-04-05T20:10:45.782Z] Flights API Error: No flights with price and duration were returned.
Stack: Error: No flights with price and duration were returned.
    at selectDistinctOptions (C:\Users\amaan\OneDrive\Desktop\IH_Final\.next\dev\server\chunks\[root-of-the-server]__0kl1fd.._.js:122:15)
    at POST (C:\Users\amaan\OneDrive\Desktop\IH_Final\.next\dev\server\chunks\[root-of-the-server]__0kl1fd.._.js:183:25)
    at process.processTicksAndRejections (node:internal/process/task_queues:105:5)
    at async AppRouteRouteModule.do (C:\Users\amaan\OneDrive\Desktop\IH_Final\node_modules\next\dist\compiled\next-server\app-route-turbo.runtime.dev.js:5:40115)
    at async AppRouteRouteModule.handle (C:\Users\amaan\OneDrive\Desktop\IH_Final\node_modules\next\dist\compiled\next-server\app-route-turbo.runtime.dev.js:5:47321)
    at async responseGenerator (C:\Users\amaan\OneDrive\Desktop\IH_Final\.next\dev\server\chunks\0xf5_0hyty_~._.js:13157:38)
    at async AppRouteRouteModule.handleResponse (C:\Users\amaan\OneDrive\Desktop\IH_Final\node_modules\next\dist\compiled\next-server\app-route-turbo.runtime.dev.js:1:227216)
    at async handleResponse (C:\Users\amaan\OneDrive\Desktop\IH_Final\.next\dev\server\chunks\0xf5_0hyty_~._.js:13220:32)
    at async Module.handler (C:\Users\amaan\OneDrive\Desktop\IH_Final\.next\dev\server\chunks\0xf5_0hyty_~._.js:13274:13)
    at async DevServer.renderToResponseWithComponentsImpl (C:\Users\amaan\OneDrive\Desktop\IH_Final\node_modules\next\dist\server\base-server.js:1454:9)
    at async DevServer.renderPageComponent (C:\Users\amaan\OneDrive\Desktop\IH_Final\node_modules\next\dist\server\base-server.js:1506:24)
    at async DevServer.renderToResponseImpl (C:\Users\amaan\OneDrive\Desktop\IH_Final\node_modules\next\dist\server\base-server.js:1556:32)
    at async DevServer.pipeImpl (C:\Users\amaan\OneDrive\Desktop\IH_Final\node_modules\next\dist\server\base-server.js:1043:25)
    at async NextNodeServer.handleCatchallRenderRequest (C:\Users\amaan\OneDrive\Desktop\IH_Final\node_modules\next\dist\server\next-server.js:338:17)
    at async DevServer.handleRequestImpl (C:\Users\amaan\OneDrive\Desktop\IH_Final\node_modules\next\dist\server\base-server.js:934:17)
    at async C:\Users\amaan\OneDrive\Desktop\IH_Final\node_modules\next\dist\server\dev\next-dev-server.js:394:20
    at async Span.traceAsyncFn (C:\Users\amaan\OneDrive\Desktop\IH_Final\node_modules\next\dist\trace\trace.js:164:20)
    at async DevServer.handleRequest (C:\Users\amaan\OneDrive\Desktop\IH_Final\node_modules\next\dist\server\dev\next-dev-server.js:390:24)
    at async invokeRender (C:\Users\amaan\OneDrive\Desktop\IH_Final\node_modules\next\dist\server\lib\router-server.js:266:21)
    at async handleRequest (C:\Users\amaan\OneDrive\Desktop\IH_Final\node_modules\next\dist\server\lib\router-server.js:465:24)
    at async requestHandlerImpl (C:\Users\amaan\OneDrive\Desktop\IH_Final\node_modules\next\dist\server\lib\router-server.js:514:13)
    at async Server.requestListener (C:\Users\amaan\OneDrive\Desktop\IH_Final\node_modules\next\dist\server\lib\start-server.js:225:13)

[2026-04-05T20:10:46.026Z] Flights API Error: No flights with price and duration were returned.
Stack: Error: No flights with price and duration were returned.
    at selectDistinctOptions (C:\Users\amaan\OneDrive\Desktop\IH_Final\.next\dev\server\chunks\[root-of-the-server]__0kl1fd.._.js:122:15)
    at POST (C:\Users\amaan\OneDrive\Desktop\IH_Final\.next\dev\server\chunks\[root-of-the-server]__0kl1fd.._.js:183:25)
    at process.processTicksAndRejections (node:internal/process/task_queues:105:5)
    at async AppRouteRouteModule.do (C:\Users\amaan\OneDrive\Desktop\IH_Final\node_modules\next\dist\compiled\next-server\app-route-turbo.runtime.dev.js:5:40115)
    at async AppRouteRouteModule.handle (C:\Users\amaan\OneDrive\Desktop\IH_Final\node_modules\next\dist\compiled\next-server\app-route-turbo.runtime.dev.js:5:47321)
    at async responseGenerator (C:\Users\amaan\OneDrive\Desktop\IH_Final\.next\dev\server\chunks\0xf5_0hyty_~._.js:13157:38)
    at async AppRouteRouteModule.handleResponse (C:\Users\amaan\OneDrive\Desktop\IH_Final\node_modules\next\dist\compiled\next-server\app-route-turbo.runtime.dev.js:1:227216)
    at async handleResponse (C:\Users\amaan\OneDrive\Desktop\IH_Final\.next\dev\server\chunks\0xf5_0hyty_~._.js:13220:32)
    at async Module.handler (C:\Users\amaan\OneDrive\Desktop\IH_Final\.next\dev\server\chunks\0xf5_0hyty_~._.js:13274:13)
    at async DevServer.renderToResponseWithComponentsImpl (C:\Users\amaan\OneDrive\Desktop\IH_Final\node_modules\next\dist\server\base-server.js:1454:9)
    at async DevServer.renderPageComponent (C:\Users\amaan\OneDrive\Desktop\IH_Final\node_modules\next\dist\server\base-server.js:1506:24)
    at async DevServer.renderToResponseImpl (C:\Users\amaan\OneDrive\Desktop\IH_Final\node_modules\next\dist\server\base-server.js:1556:32)
    at async DevServer.pipeImpl (C:\Users\amaan\OneDrive\Desktop\IH_Final\node_modules\next\dist\server\base-server.js:1043:25)
    at async NextNodeServer.handleCatchallRenderRequest (C:\Users\amaan\OneDrive\Desktop\IH_Final\node_modules\next\dist\server\next-server.js:338:17)
    at async DevServer.handleRequestImpl (C:\Users\amaan\OneDrive\Desktop\IH_Final\node_modules\next\dist\server\base-server.js:934:17)
    at async C:\Users\amaan\OneDrive\Desktop\IH_Final\node_modules\next\dist\server\dev\next-dev-server.js:394:20
    at async Span.traceAsyncFn (C:\Users\amaan\OneDrive\Desktop\IH_Final\node_modules\next\dist\trace\trace.js:164:20)
    at async DevServer.handleRequest (C:\Users\amaan\OneDrive\Desktop\IH_Final\node_modules\next\dist\server\dev\next-dev-server.js:390:24)
    at async invokeRender (C:\Users\amaan\OneDrive\Desktop\IH_Final\node_modules\next\dist\server\lib\router-server.js:266:21)
    at async handleRequest (C:\Users\amaan\OneDrive\Desktop\IH_Final\node_modules\next\dist\server\lib\router-server.js:465:24)
    at async requestHandlerImpl (C:\Users\amaan\OneDrive\Desktop\IH_Final\node_modules\next\dist\server\lib\router-server.js:514:13)
    at async Server.requestListener (C:\Users\amaan\OneDrive\Desktop\IH_Final\node_modules\next\dist\server\lib\start-server.js:225:13)

[2026-04-05T20:35:55.970Z] Flights API Error: No airport found for "Fremont Hotel & Casino"
Stack: Error: No airport found for "Fremont Hotel & Casino"
    at resolveAirport (C:\Users\amaan\OneDrive\Desktop\IH_Final\.next\dev\server\chunks\[root-of-the-server]__0kl1fd.._.js:92:11)
    at process.processTicksAndRejections (node:internal/process/task_queues:105:5)
    at async Promise.all (index 0)
    at async POST (C:\Users\amaan\OneDrive\Desktop\IH_Final\.next\dev\server\chunks\[root-of-the-server]__0kl1fd.._.js:156:53)
    at async AppRouteRouteModule.do (C:\Users\amaan\OneDrive\Desktop\IH_Final\node_modules\next\dist\compiled\next-server\app-route-turbo.runtime.dev.js:5:40115)
    at async AppRouteRouteModule.handle (C:\Users\amaan\OneDrive\Desktop\IH_Final\node_modules\next\dist\compiled\next-server\app-route-turbo.runtime.dev.js:5:47321)
    at async responseGenerator (C:\Users\amaan\OneDrive\Desktop\IH_Final\.next\dev\server\chunks\0xf5_0hyty_~._.js:13157:38)
    at async AppRouteRouteModule.handleResponse (C:\Users\amaan\OneDrive\Desktop\IH_Final\node_modules\next\dist\compiled\next-server\app-route-turbo.runtime.dev.js:1:227216)
    at async handleResponse (C:\Users\amaan\OneDrive\Desktop\IH_Final\.next\dev\server\chunks\0xf5_0hyty_~._.js:13220:32)
    at async Module.handler (C:\Users\amaan\OneDrive\Desktop\IH_Final\.next\dev\server\chunks\0xf5_0hyty_~._.js:13274:13)
    at async DevServer.renderToResponseWithComponentsImpl (C:\Users\amaan\OneDrive\Desktop\IH_Final\node_modules\next\dist\server\base-server.js:1454:9)
    at async DevServer.renderPageComponent (C:\Users\amaan\OneDrive\Desktop\IH_Final\node_modules\next\dist\server\base-server.js:1506:24)
    at async DevServer.renderToResponseImpl (C:\Users\amaan\OneDrive\Desktop\IH_Final\node_modules\next\dist\server\base-server.js:1556:32)
    at async DevServer.pipeImpl (C:\Users\amaan\OneDrive\Desktop\IH_Final\node_modules\next\dist\server\base-server.js:1043:25)
    at async NextNodeServer.handleCatchallRenderRequest (C:\Users\amaan\OneDrive\Desktop\IH_Final\node_modules\next\dist\server\next-server.js:338:17)
    at async DevServer.handleRequestImpl (C:\Users\amaan\OneDrive\Desktop\IH_Final\node_modules\next\dist\server\base-server.js:934:17)
    at async C:\Users\amaan\OneDrive\Desktop\IH_Final\node_modules\next\dist\server\dev\next-dev-server.js:394:20
    at async Span.traceAsyncFn (C:\Users\amaan\OneDrive\Desktop\IH_Final\node_modules\next\dist\trace\trace.js:164:20)
    at async DevServer.handleRequest (C:\Users\amaan\OneDrive\Desktop\IH_Final\node_modules\next\dist\server\dev\next-dev-server.js:390:24)
    at async invokeRender (C:\Users\amaan\OneDrive\Desktop\IH_Final\node_modules\next\dist\server\lib\router-server.js:266:21)
    at async handleRequest (C:\Users\amaan\OneDrive\Desktop\IH_Final\node_modules\next\dist\server\lib\router-server.js:465:24)
    at async requestHandlerImpl (C:\Users\amaan\OneDrive\Desktop\IH_Final\node_modules\next\dist\server\lib\router-server.js:514:13)
    at async Server.requestListener (C:\Users\amaan\OneDrive\Desktop\IH_Final\node_modules\next\dist\server\lib\start-server.js:225:13)

[2026-04-05T20:35:55.976Z] Flights API Error: No airport found for "Fremont Hotel & Casino"
Stack: Error: No airport found for "Fremont Hotel & Casino"
    at resolveAirport (C:\Users\amaan\OneDrive\Desktop\IH_Final\.next\dev\server\chunks\[root-of-the-server]__0kl1fd.._.js:92:11)
    at process.processTicksAndRejections (node:internal/process/task_queues:105:5)
    at async Promise.all (index 1)
    at async POST (C:\Users\amaan\OneDrive\Desktop\IH_Final\.next\dev\server\chunks\[root-of-the-server]__0kl1fd.._.js:156:53)
    at async AppRouteRouteModule.do (C:\Users\amaan\OneDrive\Desktop\IH_Final\node_modules\next\dist\compiled\next-server\app-route-turbo.runtime.dev.js:5:40115)
    at async AppRouteRouteModule.handle (C:\Users\amaan\OneDrive\Desktop\IH_Final\node_modules\next\dist\compiled\next-server\app-route-turbo.runtime.dev.js:5:47321)
    at async responseGenerator (C:\Users\amaan\OneDrive\Desktop\IH_Final\.next\dev\server\chunks\0xf5_0hyty_~._.js:13157:38)
    at async AppRouteRouteModule.handleResponse (C:\Users\amaan\OneDrive\Desktop\IH_Final\node_modules\next\dist\compiled\next-server\app-route-turbo.runtime.dev.js:1:227216)
    at async handleResponse (C:\Users\amaan\OneDrive\Desktop\IH_Final\.next\dev\server\chunks\0xf5_0hyty_~._.js:13220:32)
    at async Module.handler (C:\Users\amaan\OneDrive\Desktop\IH_Final\.next\dev\server\chunks\0xf5_0hyty_~._.js:13274:13)
    at async DevServer.renderToResponseWithComponentsImpl (C:\Users\amaan\OneDrive\Desktop\IH_Final\node_modules\next\dist\server\base-server.js:1454:9)
    at async DevServer.renderPageComponent (C:\Users\amaan\OneDrive\Desktop\IH_Final\node_modules\next\dist\server\base-server.js:1506:24)
    at async DevServer.renderToResponseImpl (C:\Users\amaan\OneDrive\Desktop\IH_Final\node_modules\next\dist\server\base-server.js:1556:32)
    at async DevServer.pipeImpl (C:\Users\amaan\OneDrive\Desktop\IH_Final\node_modules\next\dist\server\base-server.js:1043:25)
    at async NextNodeServer.handleCatchallRenderRequest (C:\Users\amaan\OneDrive\Desktop\IH_Final\node_modules\next\dist\server\next-server.js:338:17)
    at async DevServer.handleRequestImpl (C:\Users\amaan\OneDrive\Desktop\IH_Final\node_modules\next\dist\server\base-server.js:934:17)
    at async C:\Users\amaan\OneDrive\Desktop\IH_Final\node_modules\next\dist\server\dev\next-dev-server.js:394:20
    at async Span.traceAsyncFn (C:\Users\amaan\OneDrive\Desktop\IH_Final\node_modules\next\dist\trace\trace.js:164:20)
    at async DevServer.handleRequest (C:\Users\amaan\OneDrive\Desktop\IH_Final\node_modules\next\dist\server\dev\next-dev-server.js:390:24)
    at async invokeRender (C:\Users\amaan\OneDrive\Desktop\IH_Final\node_modules\next\dist\server\lib\router-server.js:266:21)
    at async handleRequest (C:\Users\amaan\OneDrive\Desktop\IH_Final\node_modules\next\dist\server\lib\router-server.js:465:24)
    at async requestHandlerImpl (C:\Users\amaan\OneDrive\Desktop\IH_Final\node_modules\next\dist\server\lib\router-server.js:514:13)
    at async Server.requestListener (C:\Users\amaan\OneDrive\Desktop\IH_Final\node_modules\next\dist\server\lib\start-server.js:225:13)

[2026-04-05T20:35:55.979Z] Flights API Error: No airport found for "Fremont Hotel & Casino"
Stack: Error: No airport found for "Fremont Hotel & Casino"
    at resolveAirport (C:\Users\amaan\OneDrive\Desktop\IH_Final\.next\dev\server\chunks\[root-of-the-server]__0kl1fd.._.js:92:11)
    at process.processTicksAndRejections (node:internal/process/task_queues:105:5)
    at async Promise.all (index 1)
    at async POST (C:\Users\amaan\OneDrive\Desktop\IH_Final\.next\dev\server\chunks\[root-of-the-server]__0kl1fd.._.js:156:53)
    at async AppRouteRouteModule.do (C:\Users\amaan\OneDrive\Desktop\IH_Final\node_modules\next\dist\compiled\next-server\app-route-turbo.runtime.dev.js:5:40115)
    at async AppRouteRouteModule.handle (C:\Users\amaan\OneDrive\Desktop\IH_Final\node_modules\next\dist\compiled\next-server\app-route-turbo.runtime.dev.js:5:47321)
    at async responseGenerator (C:\Users\amaan\OneDrive\Desktop\IH_Final\.next\dev\server\chunks\0xf5_0hyty_~._.js:13157:38)
    at async AppRouteRouteModule.handleResponse (C:\Users\amaan\OneDrive\Desktop\IH_Final\node_modules\next\dist\compiled\next-server\app-route-turbo.runtime.dev.js:1:227216)
    at async handleResponse (C:\Users\amaan\OneDrive\Desktop\IH_Final\.next\dev\server\chunks\0xf5_0hyty_~._.js:13220:32)
    at async Module.handler (C:\Users\amaan\OneDrive\Desktop\IH_Final\.next\dev\server\chunks\0xf5_0hyty_~._.js:13274:13)
    at async DevServer.renderToResponseWithComponentsImpl (C:\Users\amaan\OneDrive\Desktop\IH_Final\node_modules\next\dist\server\base-server.js:1454:9)
    at async DevServer.renderPageComponent (C:\Users\amaan\OneDrive\Desktop\IH_Final\node_modules\next\dist\server\base-server.js:1506:24)
    at async DevServer.renderToResponseImpl (C:\Users\amaan\OneDrive\Desktop\IH_Final\node_modules\next\dist\server\base-server.js:1556:32)
    at async DevServer.pipeImpl (C:\Users\amaan\OneDrive\Desktop\IH_Final\node_modules\next\dist\server\base-server.js:1043:25)
    at async NextNodeServer.handleCatchallRenderRequest (C:\Users\amaan\OneDrive\Desktop\IH_Final\node_modules\next\dist\server\next-server.js:338:17)
    at async DevServer.handleRequestImpl (C:\Users\amaan\OneDrive\Desktop\IH_Final\node_modules\next\dist\server\base-server.js:934:17)
    at async C:\Users\amaan\OneDrive\Desktop\IH_Final\node_modules\next\dist\server\dev\next-dev-server.js:394:20
    at async Span.traceAsyncFn (C:\Users\amaan\OneDrive\Desktop\IH_Final\node_modules\next\dist\trace\trace.js:164:20)
    at async DevServer.handleRequest (C:\Users\amaan\OneDrive\Desktop\IH_Final\node_modules\next\dist\server\dev\next-dev-server.js:390:24)
    at async invokeRender (C:\Users\amaan\OneDrive\Desktop\IH_Final\node_modules\next\dist\server\lib\router-server.js:266:21)
    at async handleRequest (C:\Users\amaan\OneDrive\Desktop\IH_Final\node_modules\next\dist\server\lib\router-server.js:465:24)
    at async requestHandlerImpl (C:\Users\amaan\OneDrive\Desktop\IH_Final\node_modules\next\dist\server\lib\router-server.js:514:13)
    at async Server.requestListener (C:\Users\amaan\OneDrive\Desktop\IH_Final\node_modules\next\dist\server\lib\start-server.js:225:13)

[2026-04-05T20:35:55.984Z] Flights API Error: No airport found for "Fremont Hotel & Casino"
Stack: Error: No airport found for "Fremont Hotel & Casino"
    at resolveAirport (C:\Users\amaan\OneDrive\Desktop\IH_Final\.next\dev\server\chunks\[root-of-the-server]__0kl1fd.._.js:92:11)
    at process.processTicksAndRejections (node:internal/process/task_queues:105:5)
    at async Promise.all (index 0)
    at async POST (C:\Users\amaan\OneDrive\Desktop\IH_Final\.next\dev\server\chunks\[root-of-the-server]__0kl1fd.._.js:156:53)
    at async AppRouteRouteModule.do (C:\Users\amaan\OneDrive\Desktop\IH_Final\node_modules\next\dist\compiled\next-server\app-route-turbo.runtime.dev.js:5:40115)
    at async AppRouteRouteModule.handle (C:\Users\amaan\OneDrive\Desktop\IH_Final\node_modules\next\dist\compiled\next-server\app-route-turbo.runtime.dev.js:5:47321)
    at async responseGenerator (C:\Users\amaan\OneDrive\Desktop\IH_Final\.next\dev\server\chunks\0xf5_0hyty_~._.js:13157:38)
    at async AppRouteRouteModule.handleResponse (C:\Users\amaan\OneDrive\Desktop\IH_Final\node_modules\next\dist\compiled\next-server\app-route-turbo.runtime.dev.js:1:227216)
    at async handleResponse (C:\Users\amaan\OneDrive\Desktop\IH_Final\.next\dev\server\chunks\0xf5_0hyty_~._.js:13220:32)
    at async Module.handler (C:\Users\amaan\OneDrive\Desktop\IH_Final\.next\dev\server\chunks\0xf5_0hyty_~._.js:13274:13)
    at async DevServer.renderToResponseWithComponentsImpl (C:\Users\amaan\OneDrive\Desktop\IH_Final\node_modules\next\dist\server\base-server.js:1454:9)
    at async DevServer.renderPageComponent (C:\Users\amaan\OneDrive\Desktop\IH_Final\node_modules\next\dist\server\base-server.js:1506:24)
    at async DevServer.renderToResponseImpl (C:\Users\amaan\OneDrive\Desktop\IH_Final\node_modules\next\dist\server\base-server.js:1556:32)
    at async DevServer.pipeImpl (C:\Users\amaan\OneDrive\Desktop\IH_Final\node_modules\next\dist\server\base-server.js:1043:25)
    at async NextNodeServer.handleCatchallRenderRequest (C:\Users\amaan\OneDrive\Desktop\IH_Final\node_modules\next\dist\server\next-server.js:338:17)
    at async DevServer.handleRequestImpl (C:\Users\amaan\OneDrive\Desktop\IH_Final\node_modules\next\dist\server\base-server.js:934:17)
    at async C:\Users\amaan\OneDrive\Desktop\IH_Final\node_modules\next\dist\server\dev\next-dev-server.js:394:20
    at async Span.traceAsyncFn (C:\Users\amaan\OneDrive\Desktop\IH_Final\node_modules\next\dist\trace\trace.js:164:20)
    at async DevServer.handleRequest (C:\Users\amaan\OneDrive\Desktop\IH_Final\node_modules\next\dist\server\dev\next-dev-server.js:390:24)
    at async invokeRender (C:\Users\amaan\OneDrive\Desktop\IH_Final\node_modules\next\dist\server\lib\router-server.js:266:21)
    at async handleRequest (C:\Users\amaan\OneDrive\Desktop\IH_Final\node_modules\next\dist\server\lib\router-server.js:465:24)
    at async requestHandlerImpl (C:\Users\amaan\OneDrive\Desktop\IH_Final\node_modules\next\dist\server\lib\router-server.js:514:13)
    at async Server.requestListener (C:\Users\amaan\OneDrive\Desktop\IH_Final\node_modules\next\dist\server\lib\start-server.js:225:13)

